[0.219s] DEBUG:colcon:Command line arguments: ['/usr/bin/colcon', 'build']
[0.219s] DEBUG:colcon:Parsed command line arguments: Namespace(allow_overriding=[], ament_cmake_args=None, base_paths=['.'], build_base='build', catkin_cmake_args=None, catkin_skip_building_tests=False, cmake_args=None, cmake_clean_cache=False, cmake_clean_first=False, cmake_force_configure=False, cmake_target=None, cmake_target_skip_unavailable=False, continue_on_error=False, event_handlers=None, executor='parallel', ignore_user_meta=False, install_base='install', log_base=None, log_level=None, main=<bound method BuildVerb.main of <colcon_core.verb.build.BuildVerb object at 0x7f4a33373940>>, merge_install=False, metas=['./colcon.meta'], mixin=None, mixin_files=None, mixin_verb=('build',), packages_above=None, packages_above_and_dependencies=None, packages_above_depth=None, packages_end=None, packages_ignore=None, packages_ignore_regex=None, packages_select=None, packages_select_build_failed=False, packages_select_by_dep=None, packages_select_regex=None, packages_select_test_failures=False, packages_skip=None, packages_skip_build_finished=False, packages_skip_by_dep=None, packages_skip_regex=None, packages_skip_test_passed=False, packages_skip_up_to=None, packages_start=None, packages_up_to=None, packages_up_to_regex=None, parallel_workers=8, paths=None, symlink_install=False, test_result_base=None, verb_extension=<colcon_core.verb.build.BuildVerb object at 0x7f4a33373940>, verb_name='build', verb_parser=<colcon_mixin.mixin.mixin_argument.MixinArgumentDecorator object at 0x7f4a333031f0>)
[0.258s] Level 1:colcon.colcon_core.package_discovery:discover_packages(colcon_meta) check parameters
[0.259s] Level 1:colcon.colcon_core.package_discovery:discover_packages(recursive) check parameters
[0.259s] Level 1:colcon.colcon_core.package_discovery:discover_packages(ignore) check parameters
[0.259s] Level 1:colcon.colcon_core.package_discovery:discover_packages(path) check parameters
[0.259s] Level 1:colcon.colcon_core.package_discovery:discover_packages(colcon_meta) discover
[0.259s] Level 1:colcon.colcon_core.package_discovery:discover_packages(recursive) discover
[0.259s] INFO:colcon.colcon_core.package_discovery:Crawling recursively for packages in '/mnt/data/xgs/code/end'
[0.259s] Level 1:colcon.colcon_core.package_identification:_identify(.) by extensions ['ignore', 'ignore_ament_install']
[0.259s] Level 1:colcon.colcon_core.package_identification:_identify(.) by extension 'ignore'
[0.259s] Level 1:colcon.colcon_core.package_identification:_identify(.) by extension 'ignore_ament_install'
[0.259s] Level 1:colcon.colcon_core.package_identification:_identify(.) by extensions ['colcon_pkg']
[0.259s] Level 1:colcon.colcon_core.package_identification:_identify(.) by extension 'colcon_pkg'
[0.259s] Level 1:colcon.colcon_core.package_identification:_identify(.) by extensions ['colcon_meta']
[0.259s] Level 1:colcon.colcon_core.package_identification:_identify(.) by extension 'colcon_meta'
[0.259s] Level 1:colcon.colcon_core.package_identification:_identify(.) by extensions ['ros']
[0.259s] Level 1:colcon.colcon_core.package_identification:_identify(.) by extension 'ros'
[0.272s] DEBUG:colcon.colcon_core.package_identification:Package '.' with type 'ros.ament_cmake' and name 'end'
[0.272s] Level 1:colcon.colcon_core.package_discovery:discover_packages(recursive) using defaults
[0.272s] Level 1:colcon.colcon_core.package_discovery:discover_packages(ignore) discover
[0.273s] Level 1:colcon.colcon_core.package_discovery:discover_packages(ignore) using defaults
[0.273s] Level 1:colcon.colcon_core.package_discovery:discover_packages(path) discover
[0.273s] Level 1:colcon.colcon_core.package_discovery:discover_packages(path) using defaults
[0.287s] Level 1:colcon.colcon_core.package_discovery:discover_packages(prefix_path) check parameters
[0.287s] Level 1:colcon.colcon_core.package_discovery:discover_packages(prefix_path) discover
[0.292s] DEBUG:colcon.colcon_installed_package_information.package_discovery:Found 1049 installed packages in /opt/ros/foxy
[0.296s] Level 1:colcon.colcon_core.package_discovery:discover_packages(prefix_path) using defaults
[0.419s] Level 5:colcon.colcon_core.verb:set package 'end' build argument 'cmake_args' from command line to 'None'
[0.419s] Level 5:colcon.colcon_core.verb:set package 'end' build argument 'cmake_target' from command line to 'None'
[0.419s] Level 5:colcon.colcon_core.verb:set package 'end' build argument 'cmake_target_skip_unavailable' from command line to 'False'
[0.419s] Level 5:colcon.colcon_core.verb:set package 'end' build argument 'cmake_clean_cache' from command line to 'False'
[0.419s] Level 5:colcon.colcon_core.verb:set package 'end' build argument 'cmake_clean_first' from command line to 'False'
[0.419s] Level 5:colcon.colcon_core.verb:set package 'end' build argument 'cmake_force_configure' from command line to 'False'
[0.419s] Level 5:colcon.colcon_core.verb:set package 'end' build argument 'ament_cmake_args' from command line to 'None'
[0.419s] Level 5:colcon.colcon_core.verb:set package 'end' build argument 'catkin_cmake_args' from command line to 'None'
[0.419s] Level 5:colcon.colcon_core.verb:set package 'end' build argument 'catkin_skip_building_tests' from command line to 'False'
[0.419s] DEBUG:colcon.colcon_core.verb:Building package 'end' with the following arguments: {'ament_cmake_args': None, 'build_base': '/mnt/data/xgs/code/end/build/end', 'catkin_cmake_args': None, 'catkin_skip_building_tests': False, 'cmake_args': None, 'cmake_clean_cache': False, 'cmake_clean_first': False, 'cmake_force_configure': False, 'cmake_target': None, 'cmake_target_skip_unavailable': False, 'install_base': '/mnt/data/xgs/code/end/install/end', 'merge_install': False, 'path': '/mnt/data/xgs/code/end', 'symlink_install': False, 'test_result_base': None}
[0.420s] INFO:colcon.colcon_core.executor:Executing jobs using 'parallel' executor
[0.420s] DEBUG:colcon.colcon_parallel_executor.executor.parallel:run_until_complete
[0.421s] INFO:colcon.colcon_ros.task.ament_cmake.build:Building ROS package in '/mnt/data/xgs/code/end' with build type 'ament_cmake'
[0.421s] INFO:colcon.colcon_cmake.task.cmake.build:Building CMake package in '/mnt/data/xgs/code/end'
[0.422s] INFO:colcon.colcon_core.plugin_system:Skipping extension 'colcon_core.shell.bat': Not used on non-Windows systems
[0.422s] INFO:colcon.colcon_core.shell:Skip shell extension 'powershell' for command environment: Not usable outside of PowerShell
[0.422s] DEBUG:colcon.colcon_core.shell:Skip shell extension 'dsv' for command environment
[0.434s] DEBUG:colcon.colcon_core.event_handler.log_command:Invoking command in '/mnt/data/xgs/code/end/build/end': CMAKE_PREFIX_PATH=/opt/ros/foxy CONDA_PROMPT_MODIFIER=(base) _=/usr/bin/env /usr/local/bin/cmake /mnt/data/xgs/code/end -DCMAKE_INSTALL_PREFIX=/mnt/data/xgs/code/end/install/end
[1.823s] DEBUG:colcon.colcon_core.event_handler.log_command:Invoked command in '/mnt/data/xgs/code/end/build/end' returned '0': CMAKE_PREFIX_PATH=/opt/ros/foxy CONDA_PROMPT_MODIFIER=(base) _=/usr/bin/env /usr/local/bin/cmake /mnt/data/xgs/code/end -DCMAKE_INSTALL_PREFIX=/mnt/data/xgs/code/end/install/end
[1.826s] DEBUG:colcon.colcon_core.event_handler.log_command:Invoking command in '/mnt/data/xgs/code/end/build/end': CMAKE_PREFIX_PATH=/opt/ros/foxy CONDA_PROMPT_MODIFIER=(base) _=/usr/bin/env /usr/local/bin/cmake --build /mnt/data/xgs/code/end/build/end -- -j8 -l8
[4.192s] DEBUG:colcon.colcon_core.event_handler.log_command:Invoked command in '/mnt/data/xgs/code/end/build/end' returned '0': CMAKE_PREFIX_PATH=/opt/ros/foxy CONDA_PROMPT_MODIFIER=(base) _=/usr/bin/env /usr/local/bin/cmake --build /mnt/data/xgs/code/end/build/end -- -j8 -l8
[4.270s] DEBUG:colcon.colcon_core.event_handler.log_command:Invoking command in '/mnt/data/xgs/code/end/build/end': CMAKE_PREFIX_PATH=/opt/ros/foxy CONDA_PROMPT_MODIFIER=(base) _=/usr/bin/env /usr/local/bin/cmake --install /mnt/data/xgs/code/end/build/end
[4.302s] Level 1:colcon.colcon_core.environment:create_environment_scripts_only(end)
[4.303s] DEBUG:colcon.colcon_core.event_handler.log_command:Invoked command in '/mnt/data/xgs/code/end/build/end' returned '0': CMAKE_PREFIX_PATH=/opt/ros/foxy CONDA_PROMPT_MODIFIER=(base) _=/usr/bin/env /usr/local/bin/cmake --install /mnt/data/xgs/code/end/build/end
[4.305s] Level 1:colcon.colcon_core.environment:checking '/mnt/data/xgs/code/end/install/end' for CMake module files
[4.306s] Level 1:colcon.colcon_core.environment:checking '/mnt/data/xgs/code/end/install/end' for CMake config files
[4.306s] Level 1:colcon.colcon_core.shell:create_environment_hook('end', 'cmake_prefix_path')
[4.307s] INFO:colcon.colcon_core.shell:Creating environment hook '/mnt/data/xgs/code/end/install/end/share/end/hook/cmake_prefix_path.ps1'
[4.307s] INFO:colcon.colcon_core.shell:Creating environment descriptor '/mnt/data/xgs/code/end/install/end/share/end/hook/cmake_prefix_path.dsv'
[4.308s] INFO:colcon.colcon_core.shell:Creating environment hook '/mnt/data/xgs/code/end/install/end/share/end/hook/cmake_prefix_path.sh'
[4.309s] Level 1:colcon.colcon_core.environment:checking '/mnt/data/xgs/code/end/install/end/lib'
[4.309s] Level 1:colcon.colcon_core.environment:checking '/mnt/data/xgs/code/end/install/end/bin'
[4.309s] Level 1:colcon.colcon_core.environment:checking '/mnt/data/xgs/code/end/install/end/lib/pkgconfig/end.pc'
[4.309s] Level 1:colcon.colcon_core.environment:checking '/mnt/data/xgs/code/end/install/end/lib/python3.8/site-packages'
[4.310s] Level 1:colcon.colcon_core.environment:checking '/mnt/data/xgs/code/end/install/end/bin'
[4.310s] INFO:colcon.colcon_core.shell:Creating package script '/mnt/data/xgs/code/end/install/end/share/end/package.ps1'
[4.311s] INFO:colcon.colcon_core.shell:Creating package descriptor '/mnt/data/xgs/code/end/install/end/share/end/package.dsv'
[4.311s] INFO:colcon.colcon_core.shell:Creating package script '/mnt/data/xgs/code/end/install/end/share/end/package.sh'
[4.312s] INFO:colcon.colcon_core.shell:Creating package script '/mnt/data/xgs/code/end/install/end/share/end/package.bash'
[4.312s] INFO:colcon.colcon_core.shell:Creating package script '/mnt/data/xgs/code/end/install/end/share/end/package.zsh'
[4.313s] Level 1:colcon.colcon_core.environment:create_file_with_runtime_dependencies(/mnt/data/xgs/code/end/install/end/share/colcon-core/packages/end)
[4.360s] Level 1:colcon.colcon_core.environment:create_environment_scripts_only(end)
[4.360s] Level 1:colcon.colcon_core.environment:checking '/mnt/data/xgs/code/end/install/end' for CMake module files
[4.361s] Level 1:colcon.colcon_core.environment:checking '/mnt/data/xgs/code/end/install/end' for CMake config files
[4.361s] Level 1:colcon.colcon_core.shell:create_environment_hook('end', 'cmake_prefix_path')
[4.362s] INFO:colcon.colcon_core.shell:Creating environment hook '/mnt/data/xgs/code/end/install/end/share/end/hook/cmake_prefix_path.ps1'
[4.362s] INFO:colcon.colcon_core.shell:Creating environment descriptor '/mnt/data/xgs/code/end/install/end/share/end/hook/cmake_prefix_path.dsv'
[4.362s] INFO:colcon.colcon_core.shell:Creating environment hook '/mnt/data/xgs/code/end/install/end/share/end/hook/cmake_prefix_path.sh'
[4.363s] Level 1:colcon.colcon_core.environment:checking '/mnt/data/xgs/code/end/install/end/lib'
[4.363s] Level 1:colcon.colcon_core.environment:checking '/mnt/data/xgs/code/end/install/end/bin'
[4.363s] Level 1:colcon.colcon_core.environment:checking '/mnt/data/xgs/code/end/install/end/lib/pkgconfig/end.pc'
[4.363s] Level 1:colcon.colcon_core.environment:checking '/mnt/data/xgs/code/end/install/end/lib/python3.8/site-packages'
[4.363s] Level 1:colcon.colcon_core.environment:checking '/mnt/data/xgs/code/end/install/end/bin'
[4.363s] INFO:colcon.colcon_core.shell:Creating package script '/mnt/data/xgs/code/end/install/end/share/end/package.ps1'
[4.364s] INFO:colcon.colcon_core.shell:Creating package descriptor '/mnt/data/xgs/code/end/install/end/share/end/package.dsv'
[4.364s] INFO:colcon.colcon_core.shell:Creating package script '/mnt/data/xgs/code/end/install/end/share/end/package.sh'
[4.364s] INFO:colcon.colcon_core.shell:Creating package script '/mnt/data/xgs/code/end/install/end/share/end/package.bash'
[4.365s] INFO:colcon.colcon_core.shell:Creating package script '/mnt/data/xgs/code/end/install/end/share/end/package.zsh'
[4.365s] Level 1:colcon.colcon_core.environment:create_file_with_runtime_dependencies(/mnt/data/xgs/code/end/install/end/share/colcon-core/packages/end)
[4.365s] DEBUG:colcon.colcon_parallel_executor.executor.parallel:closing loop
[4.366s] DEBUG:colcon.colcon_parallel_executor.executor.parallel:loop closed
[4.366s] DEBUG:colcon.colcon_parallel_executor.executor.parallel:run_until_complete finished with '0'
[4.366s] DEBUG:colcon.colcon_core.event_reactor:joining thread
[4.370s] INFO:colcon.colcon_core.plugin_system:Skipping extension 'colcon_notification.desktop_notification.terminal_notifier': Not used on non-Darwin systems
[4.370s] INFO:colcon.colcon_core.plugin_system:Skipping extension 'colcon_notification.desktop_notification.win32': Not used on non-Windows systems
[4.370s] INFO:colcon.colcon_notification.desktop_notification:Sending desktop notification using 'notify2'
[29.375s] DEBUG:colcon.colcon_notification.desktop_notification.notify2:Failed to initialize notify2: org.freedesktop.DBus.Error.NoReply: Did not receive a reply. Possible causes include: the remote application did not send a reply, the message bus security policy blocked the reply, the reply timeout expired, or the network connection was broken.
[29.376s] DEBUG:colcon.colcon_core.event_reactor:joined thread
[29.377s] INFO:colcon.colcon_core.shell:Creating prefix script '/mnt/data/xgs/code/end/install/local_setup.ps1'
[29.380s] INFO:colcon.colcon_core.shell:Creating prefix util module '/mnt/data/xgs/code/end/install/_local_setup_util_ps1.py'
[29.385s] INFO:colcon.colcon_core.shell:Creating prefix chain script '/mnt/data/xgs/code/end/install/setup.ps1'
[29.389s] INFO:colcon.colcon_core.shell:Creating prefix script '/mnt/data/xgs/code/end/install/local_setup.sh'
[29.390s] INFO:colcon.colcon_core.shell:Creating prefix util module '/mnt/data/xgs/code/end/install/_local_setup_util_sh.py'
[29.392s] INFO:colcon.colcon_core.shell:Creating prefix chain script '/mnt/data/xgs/code/end/install/setup.sh'
[29.396s] INFO:colcon.colcon_core.shell:Creating prefix script '/mnt/data/xgs/code/end/install/local_setup.bash'
[29.397s] INFO:colcon.colcon_core.shell:Creating prefix chain script '/mnt/data/xgs/code/end/install/setup.bash'
[29.401s] INFO:colcon.colcon_core.shell:Creating prefix script '/mnt/data/xgs/code/end/install/local_setup.zsh'
[29.402s] INFO:colcon.colcon_core.shell:Creating prefix chain script '/mnt/data/xgs/code/end/install/setup.zsh'
