[0.013s] Invoking command in '/mnt/data/xgs/code/end/build/end': CMAKE_PREFIX_PATH=/opt/ros/foxy CONDA_PROMPT_MODIFIER=(base) _=/usr/bin/env /usr/local/bin/cmake /mnt/data/xgs/code/end -DCMAKE_INSTALL_PREFIX=/mnt/data/xgs/code/end/install/end
[0.075s] -- The C compiler identification is GNU 9.4.0
[0.118s] -- The CXX compiler identification is GNU 9.4.0
[0.121s] -- Check for working C compiler: /usr/bin/cc
[0.161s] -- Check for working C compiler: /usr/bin/cc -- works
[0.162s] -- Detecting C compiler ABI info
[0.202s] -- Detecting C compiler ABI info - done
[0.210s] -- Detecting C compile features
[0.210s] -- Detecting C compile features - done
[0.212s] -- Check for working CXX compiler: /usr/bin/c++
[0.260s] -- Check for working CXX compiler: /usr/bin/c++ -- works
[0.261s] -- Detecting CXX compiler ABI info
[0.311s] -- Detecting CXX compiler ABI info - done
[0.321s] -- Detecting CXX compile features
[0.322s] -- Detecting CXX compile features - done
[0.327s] -- Found ament_cmake: 0.9.12 (/opt/ros/foxy/share/ament_cmake/cmake)
[0.350s] -- Found PythonInterp: /usr/local/anaconda3/bin/python3 (found suitable version "3.7", minimum required is "3") 
[0.351s] -- Using PYTHON_EXECUTABLE: /usr/local/anaconda3/bin/python3
[0.573s] -- Found ament_lint_auto: 0.9.8 (/opt/ros/foxy/share/ament_lint_auto/cmake)
[0.645s] -- Found rclcpp: 2.4.3 (/opt/ros/foxy/share/rclcpp/cmake)
[0.715s] -- Using all available rosidl_typesupport_c: rosidl_typesupport_fastrtps_c;rosidl_typesupport_introspection_c
[0.728s] -- Found rosidl_adapter: 1.3.1 (/opt/ros/foxy/share/rosidl_adapter/cmake)
[0.829s] -- Found OpenSSL: /usr/lib/x86_64-linux-gnu/libcrypto.so (found version "1.1.1f")  
[0.865s] -- Found FastRTPS: /opt/ros/foxy/include  
[0.963s] -- Using all available rosidl_typesupport_cpp: rosidl_typesupport_fastrtps_cpp;rosidl_typesupport_introspection_cpp
[1.026s] -- Found rmw_implementation_cmake: 1.0.4 (/opt/ros/foxy/share/rmw_implementation_cmake/cmake)
[1.028s] -- Using RMW implementation 'rmw_fastrtps_cpp' as default
[1.028s] -- Looking for pthread.h
[1.072s] -- Looking for pthread.h - found
[1.072s] -- Performing Test CMAKE_HAVE_LIBC_PTHREAD
[1.117s] -- Performing Test CMAKE_HAVE_LIBC_PTHREAD - Failed
[1.117s] -- Looking for pthread_create in pthreads
[1.149s] -- Looking for pthread_create in pthreads - not found
[1.150s] -- Looking for pthread_create in pthread
[1.191s] -- Looking for pthread_create in pthread - found
[1.192s] -- Found Threads: TRUE  
[1.381s] -- Added test 'cppcheck' to perform static code analysis on C / C++ code
[1.382s] -- Configured cppcheck include dirs: 
[1.382s] -- Configured cppcheck exclude dirs and/or files: 
[1.384s] -- Added test 'flake8' to check Python code syntax and style conventions
[1.388s] -- Added test 'lint_cmake' to check CMake code style
[1.390s] -- Added test 'pep257' to check Python code against some of the style conventions in PEP 257
[1.405s] -- Added test 'uncrustify' to check C / C++ code style
[1.405s] -- Configured uncrustify additional arguments: 
[1.407s] -- Added test 'xmllint' to check XML markup files
[1.410s] -- Configuring done
[1.415s] -- Generating done
[1.416s] -- Build files have been written to: /mnt/data/xgs/code/end/build/end
[1.426s] Invoked command in '/mnt/data/xgs/code/end/build/end' returned '0': CMAKE_PREFIX_PATH=/opt/ros/foxy CONDA_PROMPT_MODIFIER=(base) _=/usr/bin/env /usr/local/bin/cmake /mnt/data/xgs/code/end -DCMAKE_INSTALL_PREFIX=/mnt/data/xgs/code/end/install/end
[1.429s] Invoking command in '/mnt/data/xgs/code/end/build/end': CMAKE_PREFIX_PATH=/opt/ros/foxy CONDA_PROMPT_MODIFIER=(base) _=/usr/bin/env /usr/local/bin/cmake --build /mnt/data/xgs/code/end/build/end -- -j8 -l8
[1.464s] [35m[1mScanning dependencies of target end[0m
[1.492s] [ 50%] [32mBuilding CXX object CMakeFiles/end.dir/src/end.cpp.o[0m
[3.656s] [100%] [32m[1mLinking CXX executable end[0m
[3.769s] [100%] Built target end
[3.777s] Invoked command in '/mnt/data/xgs/code/end/build/end' returned '0': CMAKE_PREFIX_PATH=/opt/ros/foxy CONDA_PROMPT_MODIFIER=(base) _=/usr/bin/env /usr/local/bin/cmake --build /mnt/data/xgs/code/end/build/end -- -j8 -l8
[3.854s] Invoking command in '/mnt/data/xgs/code/end/build/end': CMAKE_PREFIX_PATH=/opt/ros/foxy CONDA_PROMPT_MODIFIER=(base) _=/usr/bin/env /usr/local/bin/cmake --install /mnt/data/xgs/code/end/build/end
[3.878s] -- Install configuration: ""
[3.878s] -- Installing: /mnt/data/xgs/code/end/install/end/lib/end/end
[3.880s] -- Set runtime path of "/mnt/data/xgs/code/end/install/end/lib/end/end" to ""
[3.880s] -- Installing: /mnt/data/xgs/code/end/install/end/share/ament_index/resource_index/package_run_dependencies/end
[3.880s] -- Installing: /mnt/data/xgs/code/end/install/end/share/ament_index/resource_index/parent_prefix_path/end
[3.880s] -- Up-to-date: /mnt/data/xgs/code/end/install/end/share/end/environment/ament_prefix_path.sh
[3.880s] -- Installing: /mnt/data/xgs/code/end/install/end/share/end/environment/ament_prefix_path.dsv
[3.880s] -- Up-to-date: /mnt/data/xgs/code/end/install/end/share/end/environment/path.sh
[3.880s] -- Installing: /mnt/data/xgs/code/end/install/end/share/end/environment/path.dsv
[3.880s] -- Installing: /mnt/data/xgs/code/end/install/end/share/end/local_setup.bash
[3.880s] -- Installing: /mnt/data/xgs/code/end/install/end/share/end/local_setup.sh
[3.880s] -- Installing: /mnt/data/xgs/code/end/install/end/share/end/local_setup.zsh
[3.881s] -- Installing: /mnt/data/xgs/code/end/install/end/share/end/local_setup.dsv
[3.881s] -- Installing: /mnt/data/xgs/code/end/install/end/share/end/package.dsv
[3.881s] -- Installing: /mnt/data/xgs/code/end/install/end/share/ament_index/resource_index/packages/end
[3.881s] -- Installing: /mnt/data/xgs/code/end/install/end/share/end/cmake/endConfig.cmake
[3.881s] -- Installing: /mnt/data/xgs/code/end/install/end/share/end/cmake/endConfig-version.cmake
[3.881s] -- Up-to-date: /mnt/data/xgs/code/end/install/end/share/end/package.xml
[3.887s] Invoked command in '/mnt/data/xgs/code/end/build/end' returned '0': CMAKE_PREFIX_PATH=/opt/ros/foxy CONDA_PROMPT_MODIFIER=(base) _=/usr/bin/env /usr/local/bin/cmake --install /mnt/data/xgs/code/end/build/end
