Performing C SOURCE FILE Test CMAKE_HAVE_LIBC_PTHREAD failed with the following output:
Change Dir: /mnt/data/xgs/code/end/build/end/CMakeFiles/CMakeTmp

Run Build Command(s):/usr/bin/make cmTC_b037f/fast && /usr/bin/make -f CMakeFiles/cmTC_b037f.dir/build.make CMakeFiles/cmTC_b037f.dir/build
make[1]: Entering directory '/mnt/data/xgs/code/end/build/end/CMakeFiles/CMakeTmp'
Building C object CMakeFiles/cmTC_b037f.dir/src.c.o
/usr/bin/cc   -DCMAKE_HAVE_LIBC_PTHREAD   -o CMakeFiles/cmTC_b037f.dir/src.c.o   -c /mnt/data/xgs/code/end/build/end/CMakeFiles/CMakeTmp/src.c
Linking C executable cmTC_b037f
/usr/local/lib/python3.8/dist-packages/cmake/data/bin/cmake -E cmake_link_script CMakeFiles/cmTC_b037f.dir/link.txt --verbose=1
/usr/bin/cc  -DCMAKE_HAVE_LIBC_PTHREAD    CMakeFiles/cmTC_b037f.dir/src.c.o  -o cmTC_b037f 
/usr/bin/ld: CMakeFiles/cmTC_b037f.dir/src.c.o: in function `main':
src.c:(.text+0x46): undefined reference to `pthread_create'
/usr/bin/ld: src.c:(.text+0x52): undefined reference to `pthread_detach'
/usr/bin/ld: src.c:(.text+0x63): undefined reference to `pthread_join'
collect2: error: ld returned 1 exit status
make[1]: *** [CMakeFiles/cmTC_b037f.dir/build.make:87: cmTC_b037f] Error 1
make[1]: Leaving directory '/mnt/data/xgs/code/end/build/end/CMakeFiles/CMakeTmp'
make: *** [Makefile:121: cmTC_b037f/fast] Error 2


Source file was:
#include <pthread.h>

void* test_func(void* data)
{
  return data;
}

int main(void)
{
  pthread_t thread;
  pthread_create(&thread, NULL, test_func, NULL);
  pthread_detach(thread);
  pthread_join(thread, NULL);
  pthread_atfork(NULL, NULL, NULL);
  pthread_exit(NULL);

  return 0;
}

Determining if the function pthread_create exists in the pthreads failed with the following output:
Change Dir: /mnt/data/xgs/code/end/build/end/CMakeFiles/CMakeTmp

Run Build Command(s):/usr/bin/make cmTC_2def4/fast && /usr/bin/make -f CMakeFiles/cmTC_2def4.dir/build.make CMakeFiles/cmTC_2def4.dir/build
make[1]: Entering directory '/mnt/data/xgs/code/end/build/end/CMakeFiles/CMakeTmp'
Building C object CMakeFiles/cmTC_2def4.dir/CheckFunctionExists.c.o
/usr/bin/cc   -DCHECK_FUNCTION_EXISTS=pthread_create   -o CMakeFiles/cmTC_2def4.dir/CheckFunctionExists.c.o   -c /usr/local/lib/python3.8/dist-packages/cmake/data/share/cmake-3.16/Modules/CheckFunctionExists.c
Linking C executable cmTC_2def4
/usr/local/lib/python3.8/dist-packages/cmake/data/bin/cmake -E cmake_link_script CMakeFiles/cmTC_2def4.dir/link.txt --verbose=1
/usr/bin/cc  -DCHECK_FUNCTION_EXISTS=pthread_create    CMakeFiles/cmTC_2def4.dir/CheckFunctionExists.c.o  -o cmTC_2def4  -lpthreads 
/usr/bin/ld: cannot find -lpthreads
collect2: error: ld returned 1 exit status
make[1]: *** [CMakeFiles/cmTC_2def4.dir/build.make:87: cmTC_2def4] Error 1
make[1]: Leaving directory '/mnt/data/xgs/code/end/build/end/CMakeFiles/CMakeTmp'
make: *** [Makefile:121: cmTC_2def4/fast] Error 2



